[debug] [2026-03-24T05:16:50.039Z] ----------------------------------------------------------------------
[debug] [2026-03-24T05:16:50.040Z] Command:       /usr/local/bin/node /usr/local/bin/firebase deploy --only functions
[debug] [2026-03-24T05:16:50.040Z] CLI Version:   14.17.0
[debug] [2026-03-24T05:16:50.041Z] Platform:      darwin
[debug] [2026-03-24T05:16:50.041Z] Node Version:  v22.14.0
[debug] [2026-03-24T05:16:50.041Z] Time:          Tue Mar 24 2026 01:16:50 GMT-0400 (Eastern Daylight Time)
[debug] [2026-03-24T05:16:50.041Z] ----------------------------------------------------------------------
[debug] 
[debug] [2026-03-24T05:16:50.117Z] Object "/functions" in "firebase.json" has unknown property: {"additionalProperty":"timeout"}
[debug] [2026-03-24T05:16:50.118Z] Object "/functions" in "firebase.json" is missing required property: {"missingProperty":"remoteSource"}
[debug] [2026-03-24T05:16:50.118Z] Field "/functions" in "firebase.json" is possibly invalid: must be array
[debug] [2026-03-24T05:16:50.118Z] Field "/functions" in "firebase.json" is possibly invalid: must match a schema in anyOf
[debug] [2026-03-24T05:16:50.119Z] > command requires scopes: ["email","openid","https://www.googleapis.com/auth/cloudplatformprojects.readonly","https://www.googleapis.com/auth/firebase","https://www.googleapis.com/auth/cloud-platform"]
[debug] [2026-03-24T05:16:50.119Z] > authorizing via signed-in user (peterput19@gmail.com)
[debug] [2026-03-24T05:16:50.119Z] [iam] checking project posmate-5fc0a for permissions ["cloudfunctions.functions.create","cloudfunctions.functions.delete","cloudfunctions.functions.get","cloudfunctions.functions.list","cloudfunctions.functions.update","cloudfunctions.operations.get","firebase.projects.get"]
[debug] [2026-03-24T05:16:50.121Z] Checked if tokens are valid: false, expires at: 1774314926546
[debug] [2026-03-24T05:16:50.121Z] Checked if tokens are valid: false, expires at: 1774314926546
[debug] [2026-03-24T05:16:50.121Z] > refreshing access token with scopes: []
[debug] [2026-03-24T05:16:50.121Z] >>> [apiv2][query] POST https://www.googleapis.com/oauth2/v3/token [none]
[debug] [2026-03-24T05:16:50.121Z] >>> [apiv2][body] POST https://www.googleapis.com/oauth2/v3/token [omitted]
[debug] [2026-03-24T05:16:50.297Z] <<< [apiv2][status] POST https://www.googleapis.com/oauth2/v3/token 200
[debug] [2026-03-24T05:16:50.297Z] <<< [apiv2][body] POST https://www.googleapis.com/oauth2/v3/token [omitted]
[debug] [2026-03-24T05:16:50.307Z] >>> [apiv2][query] POST https://cloudresourcemanager.googleapis.com/v1/projects/posmate-5fc0a:testIamPermissions [none]
[debug] [2026-03-24T05:16:50.307Z] >>> [apiv2][(partial)header] POST https://cloudresourcemanager.googleapis.com/v1/projects/posmate-5fc0a:testIamPermissions x-goog-quota-user=projects/posmate-5fc0a
[debug] [2026-03-24T05:16:50.307Z] >>> [apiv2][body] POST https://cloudresourcemanager.googleapis.com/v1/projects/posmate-5fc0a:testIamPermissions {"permissions":["cloudfunctions.functions.create","cloudfunctions.functions.delete","cloudfunctions.functions.get","cloudfunctions.functions.list","cloudfunctions.functions.update","cloudfunctions.operations.get","firebase.projects.get"]}
[debug] [2026-03-24T05:16:50.604Z] <<< [apiv2][status] POST https://cloudresourcemanager.googleapis.com/v1/projects/posmate-5fc0a:testIamPermissions 200
[debug] [2026-03-24T05:16:50.605Z] <<< [apiv2][body] POST https://cloudresourcemanager.googleapis.com/v1/projects/posmate-5fc0a:testIamPermissions {"permissions":["cloudfunctions.functions.create","cloudfunctions.functions.delete","cloudfunctions.functions.get","cloudfunctions.functions.list","cloudfunctions.functions.update","cloudfunctions.operations.get","firebase.projects.get"]}
[debug] [2026-03-24T05:16:50.606Z] Checked if tokens are valid: true, expires at: 1774333009297
[debug] [2026-03-24T05:16:50.606Z] Checked if tokens are valid: true, expires at: 1774333009297
[debug] [2026-03-24T05:16:50.606Z] >>> [apiv2][query] POST https://iam.googleapis.com/v1/projects/posmate-5fc0a/serviceAccounts/posmate-5fc0a@appspot.gserviceaccount.com:testIamPermissions [none]
[debug] [2026-03-24T05:16:50.606Z] >>> [apiv2][body] POST https://iam.googleapis.com/v1/projects/posmate-5fc0a/serviceAccounts/posmate-5fc0a@appspot.gserviceaccount.com:testIamPermissions {"permissions":["iam.serviceAccounts.actAs"]}
[debug] [2026-03-24T05:16:50.985Z] <<< [apiv2][status] POST https://iam.googleapis.com/v1/projects/posmate-5fc0a/serviceAccounts/posmate-5fc0a@appspot.gserviceaccount.com:testIamPermissions 200
[debug] [2026-03-24T05:16:50.985Z] <<< [apiv2][body] POST https://iam.googleapis.com/v1/projects/posmate-5fc0a/serviceAccounts/posmate-5fc0a@appspot.gserviceaccount.com:testIamPermissions {"permissions":["iam.serviceAccounts.actAs"]}
[info] 
[info] === Deploying to 'posmate-5fc0a'...
[info] 
[info] i  deploying functions 
[debug] [2026-03-24T05:16:50.990Z] Checked if tokens are valid: true, expires at: 1774333009297
[debug] [2026-03-24T05:16:50.991Z] Checked if tokens are valid: true, expires at: 1774333009297
[debug] [2026-03-24T05:16:50.991Z] >>> [apiv2][query] GET https://cloudresourcemanager.googleapis.com/v1/projects/posmate-5fc0a [none]
[debug] [2026-03-24T05:16:51.080Z] <<< [apiv2][status] GET https://cloudresourcemanager.googleapis.com/v1/projects/posmate-5fc0a 200
[debug] [2026-03-24T05:16:51.081Z] <<< [apiv2][body] GET https://cloudresourcemanager.googleapis.com/v1/projects/posmate-5fc0a {"projectNumber":"48463376409","projectId":"posmate-5fc0a","lifecycleState":"ACTIVE","name":"PosMate","labels":{"firebase":"enabled"},"createTime":"2023-01-03T21:38:04.922Z"}
[info] i  functions: preparing codebase default for deployment 
[info] i  functions: ensuring required API cloudfunctions.googleapis.com is enabled... 
[info] i  functions: ensuring required API cloudbuild.googleapis.com is enabled... 
[info] i  artifactregistry: ensuring required API artifactregistry.googleapis.com is enabled... 
[debug] [2026-03-24T05:16:51.083Z] Checked if tokens are valid: true, expires at: 1774333009297
[debug] [2026-03-24T05:16:51.084Z] Checked if tokens are valid: true, expires at: 1774333009297
[debug] [2026-03-24T05:16:51.084Z] >>> [apiv2][query] GET https://firebase.googleapis.com/v1beta1/projects/posmate-5fc0a/adminSdkConfig [none]
[debug] [2026-03-24T05:16:51.550Z] <<< [apiv2][status] GET https://firebase.googleapis.com/v1beta1/projects/posmate-5fc0a/adminSdkConfig 200
[debug] [2026-03-24T05:16:51.550Z] <<< [apiv2][body] GET https://firebase.googleapis.com/v1beta1/projects/posmate-5fc0a/adminSdkConfig {"projectId":"posmate-5fc0a","databaseURL":"https://posmate-5fc0a-default-rtdb.firebaseio.com","storageBucket":"posmate-5fc0a.appspot.com","locationId":"us-central"}
[debug] [2026-03-24T05:16:51.551Z] Checked if tokens are valid: true, expires at: 1774333009297
[debug] [2026-03-24T05:16:51.551Z] Checked if tokens are valid: true, expires at: 1774333009297
[debug] [2026-03-24T05:16:51.551Z] >>> [apiv2][query] GET https://runtimeconfig.googleapis.com/v1beta1/projects/posmate-5fc0a/configs [none]
[debug] [2026-03-24T05:16:51.905Z] <<< [apiv2][status] GET https://runtimeconfig.googleapis.com/v1beta1/projects/posmate-5fc0a/configs 200
[debug] [2026-03-24T05:16:51.905Z] <<< [apiv2][body] GET https://runtimeconfig.googleapis.com/v1beta1/projects/posmate-5fc0a/configs {}
[debug] [2026-03-24T05:16:51.908Z] Validating nodejs source
[warn] ⚠  functions: Runtime Node.js 20 will be deprecated on 2026-04-30 and will be decommissioned on 2026-10-30, after which you will not be able to deploy without upgrading. Consider upgrading now to avoid disruption. See https://cloud.google.com/functions/docs/runtime-support for full details on the lifecycle policy 
[warn] ⚠  functions: package.json indicates an outdated version of firebase-functions. Please upgrade using npm install --save firebase-functions@latest in your functions directory. 
[warn] ⚠  functions: Please note that there will be breaking changes when you upgrade. 
[debug] [2026-03-24T05:16:52.377Z] > [functions] package.json contents: {
  "name": "functions",
  "description": "Cloud Functions for Firebase",
  "scripts": {
    "serve": "firebase emulators:start --only functions",
    "shell": "firebase functions:shell",
    "start": "npm run shell",
    "deploy": "firebase deploy --only functions",
    "logs": "firebase functions:log"
  },
  "engines": {
    "node": "20"
  },
  "main": "index.mjs",
  "dependencies": {
    "@google-cloud/pubsub": "^4.4.0",
    "axios": "^1.6.7",
    "body-parser": "^1.20.1",
    "express": "^4.18.2",
    "firebase-admin": "^13.5.0",
    "firebase-functions": "^6.4.0",
    "nodemailer": "^6.9.1",
    "stripe": "^14.12.0"
  },
  "devDependencies": {
    "firebase-functions-test": "^0.2.0"
  },
  "type": "module",
  "private": true
}
[debug] [2026-03-24T05:16:52.377Z] Building nodejs source
[info] i  functions: Loading and analyzing source code for codebase default to determine what to deploy 
[debug] [2026-03-24T05:16:52.377Z] Could not find functions.yaml. Must use http discovery
[debug] [2026-03-24T05:16:52.382Z] Found firebase-functions binary at '/Users/peterputros/Desktop/Divine POS/functions/node_modules/.bin/firebase-functions'
[info] Serving at port 8050

[debug] [2026-03-24T05:16:52.714Z] Got response from /__/functions.yaml {"endpoints":{"createFranchise":{"platform":"gcfv1","labels":{},"availableMemoryMb":null,"timeoutSeconds":null,"minInstances":null,"maxInstances":null,"ingressSettings":null,"serviceAccountEmail":null,"vpc":null,"callableTrigger":{},"entryPoint":"createFranchise"},"createFranchiseLocation":{"platform":"gcfv1","labels":{},"availableMemoryMb":null,"timeoutSeconds":null,"minInstances":null,"maxInstances":null,"ingressSettings":null,"serviceAccountEmail":null,"vpc":null,"callableTrigger":{},"entryPoint":"createFranchiseLocation"},"deleteAccount":{"platform":"gcfv1","labels":{},"availableMemoryMb":null,"timeoutSeconds":null,"minInstances":null,"maxInstances":null,"ingressSettings":null,"serviceAccountEmail":null,"vpc":null,"callableTrigger":{},"entryPoint":"deleteAccount"},"deliveryWebhook":{"availableMemoryMb":null,"timeoutSeconds":null,"minInstances":null,"maxInstances":null,"ingressSettings":null,"concurrency":null,"serviceAccountEmail":null,"vpc":null,"platform":"gcfv2","labels":{},"httpsTrigger":{},"entryPoint":"deliveryWebhook"},"getLatLng":{"availableMemoryMb":null,"timeoutSeconds":null,"minInstances":null,"maxInstances":null,"ingressSettings":null,"concurrency":null,"serviceAccountEmail":null,"vpc":null,"platform":"gcfv2","labels":{},"httpsTrigger":{},"entryPoint":"getLatLng"},"onHubCategoryChange":{"platform":"gcfv1","availableMemoryMb":null,"timeoutSeconds":null,"minInstances":null,"maxInstances":null,"ingressSettings":null,"serviceAccountEmail":null,"vpc":null,"eventTrigger":{"eventType":"providers/cloud.firestore/eventTypes/document.update","eventFilters":{"resource":"projects/posmate-5fc0a/databases/(default)/documents/users/{uid}"},"retry":false},"labels":{},"entryPoint":"onHubCategoryChange"},"onHubProductWrite":{"platform":"gcfv1","availableMemoryMb":null,"timeoutSeconds":null,"minInstances":null,"maxInstances":null,"ingressSettings":null,"serviceAccountEmail":null,"vpc":null,"eventTrigger":{"eventType":"providers/cloud.firestore/eventTypes/document.write","eventFilters":{"resource":"projects/posmate-5fc0a/databases/(default)/documents/users/{uid}/products/{productId}"},"retry":false},"labels":{},"entryPoint":"onHubProductWrite"},"onLocationSettingsChange":{"platform":"gcfv1","availableMemoryMb":null,"timeoutSeconds":null,"minInstances":null,"maxInstances":null,"ingressSettings":null,"serviceAccountEmail":null,"vpc":null,"eventTrigger":{"eventType":"providers/cloud.firestore/eventTypes/document.update","eventFilters":{"resource":"projects/posmate-5fc0a/databases/(default)/documents/users/{uid}"},"retry":false},"labels":{},"entryPoint":"onLocationSettingsChange"},"onUserCreated":{"platform":"gcfv1","availableMemoryMb":null,"timeoutSeconds":null,"minInstances":null,"maxInstances":null,"ingressSettings":null,"serviceAccountEmail":null,"vpc":null,"eventTrigger":{"eventType":"providers/firebase.auth/eventTypes/user.create","eventFilters":{"resource":"projects/posmate-5fc0a"},"retry":false},"labels":{},"entryPoint":"onUserCreated"},"processPayment":{"platform":"gcfv1","availableMemoryMb":null,"timeoutSeconds":null,"minInstances":null,"maxInstances":null,"ingressSettings":null,"serviceAccountEmail":null,"vpc":null,"httpsTrigger":{},"entryPoint":"processPayment"},"rebuildFranchiseLocations":{"platform":"gcfv1","labels":{},"availableMemoryMb":null,"timeoutSeconds":null,"minInstances":null,"maxInstances":null,"ingressSettings":null,"serviceAccountEmail":null,"vpc":null,"callableTrigger":{},"entryPoint":"rebuildFranchiseLocations"},"sendCustomEmail":{"platform":"gcfv1","availableMemoryMb":null,"timeoutSeconds":null,"minInstances":null,"maxInstances":null,"ingressSettings":null,"serviceAccountEmail":null,"vpc":null,"httpsTrigger":{},"entryPoint":"sendCustomEmail"},"sendPasswordResetEmail":{"platform":"gcfv1","availableMemoryMb":null,"timeoutSeconds":null,"minInstances":null,"maxInstances":null,"ingressSettings":null,"serviceAccountEmail":null,"vpc":null,"httpsTrigger":{},"entryPoint":"sendPasswordResetEmail"},"sendSettingsPass":{"platform":"gcfv1","availableMemoryMb":null,"timeoutSeconds":null,"minInstances":null,"maxInstances":null,"ingressSettings":null,"serviceAccountEmail":null,"vpc":null,"httpsTrigger":{},"entryPoint":"sendSettingsPass"},"sendWelcomeEmail":{"platform":"gcfv1","availableMemoryMb":null,"timeoutSeconds":null,"minInstances":null,"maxInstances":null,"ingressSettings":null,"serviceAccountEmail":null,"vpc":null,"httpsTrigger":{},"entryPoint":"sendWelcomeEmail"},"setAccountPlan":{"platform":"gcfv1","labels":{},"availableMemoryMb":null,"timeoutSeconds":null,"minInstances":null,"maxInstances":null,"ingressSettings":null,"serviceAccountEmail":null,"vpc":null,"callableTrigger":{},"entryPoint":"setAccountPlan"}},"specVersion":"v1alpha1","requiredAPIs":[],"extensions":{}}
[info] i  extensions: ensuring required API firebaseextensions.googleapis.com is enabled... 
[debug] [2026-03-24T05:16:56.741Z] > command requires scopes: ["email","openid","https://www.googleapis.com/auth/cloudplatformprojects.readonly","https://www.googleapis.com/auth/firebase","https://www.googleapis.com/auth/cloud-platform"]
[debug] [2026-03-24T05:16:56.741Z] > authorizing via signed-in user (peterput19@gmail.com)
[debug] [2026-03-24T05:16:56.741Z] [iam] checking project posmate-5fc0a for permissions ["firebase.projects.get","firebaseextensions.instances.list"]
[debug] [2026-03-24T05:16:56.742Z] Checked if tokens are valid: true, expires at: 1774333009297
[debug] [2026-03-24T05:16:56.742Z] Checked if tokens are valid: true, expires at: 1774333009297
[debug] [2026-03-24T05:16:56.742Z] >>> [apiv2][query] POST https://cloudresourcemanager.googleapis.com/v1/projects/posmate-5fc0a:testIamPermissions [none]
[debug] [2026-03-24T05:16:56.742Z] >>> [apiv2][(partial)header] POST https://cloudresourcemanager.googleapis.com/v1/projects/posmate-5fc0a:testIamPermissions x-goog-quota-user=projects/posmate-5fc0a
[debug] [2026-03-24T05:16:56.742Z] >>> [apiv2][body] POST https://cloudresourcemanager.googleapis.com/v1/projects/posmate-5fc0a:testIamPermissions {"permissions":["firebase.projects.get","firebaseextensions.instances.list"]}
